<?xml version="1.0" encoding="UTF-8"?>
<!-- Generated by org.testng.reporters.JUnitReportReporter -->
<testsuite skipped="0" hostname="Salmas-MBP.attlocal.net" name="HomePageTest" tests="1" failures="0" timestamp="11 Oct 2019 01:48:07 GMT" time="14.217" errors="0">
  <testcase name="testHomePageLoading" time="14.217" classname="HomePageTest"/>
</testsuite> <!-- HomePageTest -->
